2025-04-26 18:04:00|   0.0|  0.0|INFORM|Current FME version: FME 2025.0.1.0 (20250327 - Build 25220 - WIN64)
2025-04-26 18:04:00|   0.0|  0.0|INFORM|System Time: 20250426090400 UTC
2025-04-26 18:04:00|   0.0|  0.0|INFORM|FME_HOME is 'C:\Program Files\FME\'
2025-04-26 18:04:00|   0.0|  0.0|INFORM|FME Student Edition (node locked-crc)
2025-04-26 18:04:00|   0.0|  0.0|INFORM|Serial Number: GMGEXI6RCOCAX7A3TAH9
2025-04-26 18:04:00|   0.0|  0.0|INFORM|Temporary License: 112 days left.
2025-04-26 18:04:00|   0.0|  0.0|INFORM|Machine host name is: DESKTOP-2VBA1F1
2025-04-26 18:04:00|   0.0|  0.0|INFORM|OS Locale Name     : en_US
2025-04-26 18:04:00|   0.0|  0.0|INFORM|OS Locale Encoding : windows-1252
2025-04-26 18:04:00|   0.0|  0.0|INFORM|Process Encoding   : UTF-8
2025-04-26 18:04:00|   0.0|  0.0|INFORM|FME API version: '4.0 20240722'
2025-04-26 18:04:00|   0.0|  0.0|INFORM|FME Configuration: FME_BASE is 'no'
2025-04-26 18:04:00|   0.0|  0.0|INFORM|FME Configuration: FME_MF_DIR is 'C:\Users\Lumos\Desktop\AIDTLab-ifc2citygml/'
2025-04-26 18:04:00|   0.0|  0.0|INFORM|FME Configuration: FME_MF_NAME is 'ifc2citygml-dynamic-BIM-converter.fmw'
2025-04-26 18:04:00|   0.0|  0.0|INFORM|FME Configuration: FME_PRODUCT_NAME is 'FME(R) 2025.0.1.0'
2025-04-26 18:04:00|   0.0|  0.0|INFORM|Operating System: Microsoft Windows 11 64-bit  (Build 26100)
2025-04-26 18:04:00|   0.0|  0.0|INFORM|FME Platform: WIN64
2025-04-26 18:04:00|   0.0|  0.0|INFORM|System Status: 1.48 TB of disk space available in the FME temporary folder (C:\Users\Lumos\AppData\Local\Temp\wbrun_1745654335241_7068\fmetmp_8)
2025-04-26 18:04:00|   0.0|  0.0|INFORM|System Status: 31.85 GB of physical memory available
2025-04-26 18:04:00|   0.0|  0.0|INFORM|System Status: 127.42 GB of virtual memory available
2025-04-26 18:04:00|   0.0|  0.0|INFORM|START - ProcessID: 45376, peak process memory usage: 45000 kB, current process memory usage: 44992 kB
2025-04-26 18:04:00|   0.0|  0.0|INFORM|FME Configuration: Command line arguments are `C:\Program Files\FME\fme.exe' `C:\Users\Lumos\Desktop\AIDTLab-ifc2citygml\wb-xlate-1745658237647_7068' `--FME_LAUNCH_VIEWER_APP' `WORKBENCH' `LOG_STANDARDOUT' `YES' `LOG_TIMINGS' `YES' `LogCountServerName' `62035' `LOG_STANDARDOUT' `No' `WORKBENCH_LOG_SERVER' `62000'
2025-04-26 18:04:00|   0.0|  0.0|INFORM|FME Configuration: Connection Storage: 'C:\Users\Lumos\AppData\Roaming\Safe Software\FME\'
2025-04-26 18:04:00|   0.0|  0.0|INFORM|Shared folders for formats are : C:\Program Files\FME\datasources;C:\Users\Lumos\Documents\FME\Formats
2025-04-26 18:04:00|   0.0|  0.0|INFORM|Shared folders for transformers are : C:\Users\Lumos\AppData\Roaming\Safe Software\FME\Packages\25220-win64\transformers;C:\Program Files\FME\transformers;C:\Users\Lumos\AppData\Roaming\Safe Software\FME\FME Store\Transformers
2025-04-26 18:04:00|   0.0|  0.0|INFORM|Shared folders for coordinate systems are : C:\Users\Lumos\Documents\FME\CoordinateSystems
2025-04-26 18:04:00|   0.0|  0.0|INFORM|Shared folders for coordinate system exceptions are : C:\Users\Lumos\Documents\FME\CoordinateSystemExceptions
2025-04-26 18:04:00|   0.0|  0.0|INFORM|Shared folders for coordinate system grid overrides are : C:\Users\Lumos\Documents\FME\CoordinateSystemGridOverrides
2025-04-26 18:04:00|   0.0|  0.0|INFORM|Shared folders for CS-MAP transformation exceptions are : C:\Users\Lumos\Documents\FME\CsmapTransformationExceptions
2025-04-26 18:04:00|   0.0|  0.0|INFORM|Shared folders for transformer categories are : C:\Users\Lumos\Documents\FME\TransformerCategories
2025-04-26 18:04:00|   0.0|  0.0|INFORM|FME Configuration: No destination coordinate system set
2025-04-26 18:04:00|   0.0|  0.0|INFORM|FME Configuration: Current working folder is `C:\Users\Lumos\Desktop\AIDTLab-ifc2citygml'
2025-04-26 18:04:00|   0.0|  0.0|INFORM|FME Configuration: Temporary folder is `C:\Users\Lumos\AppData\Local\Temp\wbrun_1745654335241_7068\fmetmp_8', set from environment variable `FME_TEMP'
2025-04-26 18:04:00|   0.0|  0.0|INFORM|FME Configuration: Cache folder is 'C:\Users\Lumos\AppData\Local\Temp'
2025-04-26 18:04:00|   0.0|  0.0|INFORM|FME Configuration: FME_HOME is `C:\Program Files\FME\'
2025-04-26 18:04:00|   0.0|  0.0|INFORM|FME Configuration: Start freeing memory when the process exceeds 95.56 GB
2025-04-26 18:04:00|   0.0|  0.0|INFORM|FME Configuration: Stop freeing memory when the process is below 71.67 GB
2025-04-26 18:04:00|   0.0|  0.0|INFORM|Creating writer for format: 
2025-04-26 18:04:00|   0.0|  0.0|INFORM|Creating reader for format: 
2025-04-26 18:04:00|   0.0|  0.0|INFORM|MULTI_READER(MULTI_READER): Will fail with first member reader failure
2025-04-26 18:04:00|   0.0|  0.0|INFORM|Using Multi Reader with keyword `MULTI_READER' to read multiple datasets
2025-04-26 18:04:00|   0.0|  0.0|INFORM|Using MultiWriter with keyword `PRIMARY_DEST' to output data (ID_ATTRIBUTE is `multi_writer_id')
2025-04-26 18:04:00|   0.0|  0.0|INFORM|Writer output will be ordered by value of multi_writer_id
2025-04-26 18:04:00|   0.0|  0.0|INFORM|Loaded module 'LogCount_func' from file 'C:\Program Files\FME\plugins\LogCount_func.dll'
2025-04-26 18:04:00|   0.0|  0.0|INFORM|FME API version of module 'LogCount_func' matches current internal version (4.0 20240722)
2025-04-26 18:04:00|   0.0|  0.0|INFORM|Loaded module 'GQueryFactory' from file 'C:\Program Files\FME\plugins\GQueryFactory.dll'
2025-04-26 18:04:00|   0.0|  0.0|INFORM|FME API version of module 'GQueryFactory' matches current internal version (4.0 20240722)
2025-04-26 18:04:00|   0.0|  0.0|INFORM|Loaded module 'StringReplacerFactory' from file 'C:\Program Files\FME\plugins\StringReplacerFactory.dll'
2025-04-26 18:04:00|   0.0|  0.0|INFORM|FME API version of module 'StringReplacerFactory' matches current internal version (4.0 20240722)
2025-04-26 18:04:00|   0.0|  0.0|INFORM|Emptying factory pipeline
2025-04-26 18:04:00|   0.0|  0.0|STATS |Router and Unexpected Input Remover (RoutingFactory): Tested 0 input feature(s), wrote 0 output feature(s): 0 matched merge filters, 0 were routed to output, 0 could not be routed.
2025-04-26 18:04:00|   0.0|  0.0|STATS |Unwanted Router Input Nuker (TeeFactory): Cloned 0 input feature(s) into 0 output feature(s)
2025-04-26 18:04:00|   0.0|  0.0|STATS |IfcAnnotation_IFC_2 Splitter (TeeFactory): Cloned 0 input feature(s) into 0 output feature(s)
2025-04-26 18:04:00|   0.0|  0.0|STATS |IfcAnnotation_IFC_1 Splitter (TeeFactory): Cloned 0 input feature(s) into 0 output feature(s)
2025-04-26 18:04:00|   0.0|  0.0|STATS |FeatureMerger_5 (ReferenceFactory): Total Results: 0 Complete Feature(s), 0 Incomplete Feature(s), 0 Referenced Feature(s), 0 Unreferenced Feature(s), 0 Referencer Feature(s) (NO REFERENCES), 0 Referencee Feature(s) (NO Referencee fields defined), and 0 Duplicate Referencee Feature(s)
2025-04-26 18:04:00|   0.0|  0.0|STATS |FeatureMerger_7 (ReferenceFactory): Total Results: 0 Complete Feature(s), 0 Incomplete Feature(s), 0 Referenced Feature(s), 0 Unreferenced Feature(s), 0 Referencer Feature(s) (NO REFERENCES), 0 Referencee Feature(s) (NO Referencee fields defined), and 0 Duplicate Referencee Feature(s)
2025-04-26 18:04:00|   0.0|  0.0|STATS |Restoring 2 feature(s) from FME feature store file `C:\Users\Lumos\AppData\Local\Temp\wb-cache-ifc2citygml-dynamic-BIM-converte-RuHdcO\Main_Tester_3 -1 117 fo 1 FAILED  0  7cfd025ff25719cfa46bf09274388a41db562a62.ffs'
2025-04-26 18:04:00|   0.1|  0.1|STATS |Restoring 1 feature(s) from FME feature store file `C:\Users\Lumos\AppData\Local\Temp\wb-cache-ifc2citygml-dynamic-BIM-converte-RuHdcO\Main_StringReplacer_16 -1 103 fo 0 OUTPUT  0  3c4f5eccf15e38bc6d33c205acce278c69bf8dcb.ffs'
2025-04-26 18:04:00|   0.1|  0.0|STATS |Restoring 1 feature(s) from FME feature store file `C:\Users\Lumos\AppData\Local\Temp\wb-cache-ifc2citygml-dynamic-BIM-converte-RuHdcO\Main_Junction_4 -1 187 fo 0 Output  0  9bb1329001f04307e9d13ccb68ff0e65f92b6c0b.ffs'
2025-04-26 18:04:00|   0.1|  0.0|STATS |Restoring 11 feature(s) from FME feature store file `C:\Users\Lumos\AppData\Local\Temp\wb-cache-ifc2citygml-dynamic-BIM-converte-RuHdcO\Main_Junction_12 -1 164 fo 0 Output  0  50b0a2508b6f70d7e4e5a2d84d8d7cc814a8545f.ffs'
2025-04-26 18:04:00|   0.1|  0.0|STATS |Restoring 7 feature(s) from FME feature store file `C:\Users\Lumos\AppData\Local\Temp\wb-cache-ifc2citygml-dynamic-BIM-converte-RuHdcO\Main_Junction_8 -1 160 fo 0 Output  0  25040fcc56e10b0f9b980ec70c5e42eebe74f859.ffs'
2025-04-26 18:04:00|   0.1|  0.0|STATS |Restoring 2 feature(s) from FME feature store file `C:\Users\Lumos\AppData\Local\Temp\wb-cache-ifc2citygml-dynamic-BIM-converte-RuHdcO\Main_Junction_7 -1 159 fo 0 Output  0  b595c33a90d51305302ec60444d80b4fb26d15be.ffs'
2025-04-26 18:04:00|   0.1|  0.0|STATS |Restoring 13 feature(s) from FME feature store file `C:\Users\Lumos\AppData\Local\Temp\wb-cache-ifc2citygml-dynamic-BIM-converte-RuHdcO\Main_Junction_10 -1 163 fo 0 Output  0  2b09ed459b16e7a9bca07d7428317528ed5b1a84.ffs'
2025-04-26 18:04:00|   0.1|  0.0|STATS |Restoring 5 feature(s) from FME feature store file `C:\Users\Lumos\AppData\Local\Temp\wb-cache-ifc2citygml-dynamic-BIM-converte-RuHdcO\Main_Junction_13 -1 165 fo 0 Output  0  793c7849605cc594be2b2f5e115ad8584fbcb586.ffs'
2025-04-26 18:04:00|   0.1|  0.0|STATS |Restoring 6 feature(s) from FME feature store file `C:\Users\Lumos\AppData\Local\Temp\wb-cache-ifc2citygml-dynamic-BIM-converte-RuHdcO\Main_Junction_11 -1 162 fo 0 Output  0  198d5e3649f2f72232ff326e861822b0333c3dcd.ffs'
2025-04-26 18:04:00|   0.1|  0.0|STATS |Restoring 42 feature(s) from FME feature store file `C:\Users\Lumos\AppData\Local\Temp\wb-cache-ifc2citygml-dynamic-BIM-converte-RuHdcO\Main_Junction_9 -1 161 fo 0 Output  0  b881ff94e9a829d1e1c4dd0d54b38f66a99f44fb.ffs'
2025-04-26 18:04:00|   0.1|  0.0|STATS |Restoring 1 feature(s) from FME feature store file `C:\Users\Lumos\AppData\Local\Temp\wb-cache-ifc2citygml-dynamic-BIM-converte-RuHdcO\Main_StringReplacer_25 -1 116 fo 0 OUTPUT  0  98888edb343ef339f52f3f299965e602291ed3f5.ffs'
2025-04-26 18:04:00|   0.1|  0.0|STATS |Restoring 1 feature(s) from FME feature store file `C:\Users\Lumos\AppData\Local\Temp\wb-cache-ifc2citygml-dynamic-BIM-converte-RuHdcO\Main_Junction_6 -1 158 fo 0 Output  0  6999560eb78d1a88b2a051fcfefd1ff31ef04f37.ffs'
2025-04-26 18:04:00|   0.3|  0.2|INFORM|Creating writer for format: OGC CityGML
2025-04-26 18:04:00|   0.3|  0.0|INFORM|Trying to find a DYNAMIC plugin for writer named `CITYGML'
2025-04-26 18:04:00|   0.3|  0.0|INFORM|Loaded module 'CITYGML' from file 'C:\Program Files\FME\plugins\CITYGML.dll'
2025-04-26 18:04:00|   0.3|  0.0|INFORM|FME API version of module 'CITYGML' matches current internal version (4.0 20240722)
2025-04-26 18:04:00|   0.3|  0.0|INFORM|FME Configuration: No destination coordinate system set
2025-04-26 18:04:00|   0.3|  0.0|INFORM|Writer `CITYGML_2' of type `CITYGML' using group definition keyword `CITYGML_2_DEF'
2025-04-26 18:04:00|   0.3|  0.0|INFORM|The uri-map document 'C:\Program Files\FME\xml\urimap\gml_aixm.xml' is being used to map from URI to URI
2025-04-26 18:04:00|   0.3|  0.0|INFORM|The uri-map document 'C:\Program Files\FME\xml\urimap\gml_inspire.xml' is being used to map from URI to URI
2025-04-26 18:04:00|   0.3|  0.0|INFORM|The uri-map document 'C:\Program Files\FME\xml\urimap\gml_sosi.xml' is being used to map from URI to URI
2025-04-26 18:04:00|   0.3|  0.0|INFORM|The uri-map document 'C:\Program Files\FME\xml\urimap\gml_urimap.xml' is being used to map from URI to URI
2025-04-26 18:04:00|   0.3|  0.0|INFORM|The uri-map document 'C:\Program Files\FME\xml\urimap\gml_citygml.xml' is being used to map from URI to URI
2025-04-26 18:04:00|   0.3|  0.0|INFORM|URI 'CityGML.xsd' mapped to 'file:///C%3A%5CProgram%20Files%5CFME%5Cxml%5Cschemas%5CCityGML%5CCityGML%5C2.0%5CCityGML.xsd'
2025-04-26 18:04:00|   0.3|  0.0|INFORM|Parsing schema document 'file:///C%3A%5CProgram%20Files%5CFME%5Cxml%5Cschemas%5CCityGML%5CCityGML%5C2.0%5CCityGML.xsd' ...
2025-04-26 18:04:00|   0.3|  0.0|INFORM|A <schemaLocation> in the uri-map is overriding the namespace 'http://www.w3.org/1999/xlink' xsd location from '../xlink/xlinks.xsd' to 'xlink.xsd'
2025-04-26 18:04:00|   0.4|  0.1|INFORM|Using XSD semantics configuration file 'file:///C:/Program Files/FME/xml/CityGML/CityGML_config.xml'.
2025-04-26 18:04:00|   0.4|  0.0|INFORM|Using prefix 'xlink' for uri 'http://www.w3.org/1999/xlink'
2025-04-26 18:04:00|   0.4|  0.0|INFORM|Using prefix 'gml' for uri 'http://www.opengis.net/gml'
2025-04-26 18:04:00|   0.4|  0.0|INFORM|Using prefix 'sch' for uri 'http://www.ascc.net/xml/schematron'
2025-04-26 18:04:00|   0.4|  0.0|INFORM|Using prefix 'smil20' for uri 'http://www.w3.org/2001/SMIL20/'
2025-04-26 18:04:00|   0.4|  0.0|INFORM|Using prefix 'xsi' for uri 'http://www.w3.org/2001/XMLSchema-instance'
2025-04-26 18:04:00|   0.4|  0.0|INFORM|Using prefix 'core' for uri 'http://www.opengis.net/citygml/2.0'
2025-04-26 18:04:00|   0.4|  0.0|INFORM|Using prefix 'smil20lang' for uri 'http://www.w3.org/2001/SMIL20/Language'
2025-04-26 18:04:00|   0.4|  0.0|INFORM|Using prefix 'grp' for uri 'http://www.opengis.net/citygml/cityobjectgroup/2.0'
2025-04-26 18:04:00|   0.4|  0.0|INFORM|Using prefix 'bldg' for uri 'http://www.opengis.net/citygml/building/2.0'
2025-04-26 18:04:00|   0.4|  0.0|INFORM|Using prefix 'app' for uri 'http://www.opengis.net/citygml/appearance/2.0'
2025-04-26 18:04:00|   0.4|  0.0|INFORM|Using prefix 'gen' for uri 'http://www.opengis.net/citygml/generics/2.0'
2025-04-26 18:04:00|   0.4|  0.0|INFORM|Using prefix 'xAL' for uri 'urn:oasis:names:tc:ciq:xsdschema:xAL:2.0'
2025-04-26 18:04:00|   0.4|  0.0|INFORM|Using prefix 'pbase' for uri 'http://www.opengis.net/citygml/profiles/base/2.0'
2025-04-26 18:04:00|   0.4|  0.0|INFORM|Using prefix 'luse' for uri 'http://www.opengis.net/citygml/landuse/2.0'
2025-04-26 18:04:00|   0.4|  0.0|INFORM|Using prefix 'dem' for uri 'http://www.opengis.net/citygml/relief/2.0'
2025-04-26 18:04:00|   0.4|  0.0|INFORM|Using prefix 'tex' for uri 'http://www.opengis.net/citygml/texturedsurface/2.0'
2025-04-26 18:04:00|   0.4|  0.0|INFORM|Using prefix 'veg' for uri 'http://www.opengis.net/citygml/vegetation/2.0'
2025-04-26 18:04:00|   0.4|  0.0|INFORM|Using prefix 'tun' for uri 'http://www.opengis.net/citygml/tunnel/2.0'
2025-04-26 18:04:00|   0.4|  0.0|INFORM|Using prefix 'wtr' for uri 'http://www.opengis.net/citygml/waterbody/2.0'
2025-04-26 18:04:00|   0.4|  0.0|INFORM|Using prefix 'frn' for uri 'http://www.opengis.net/citygml/cityfurniture/2.0'
2025-04-26 18:04:00|   0.4|  0.0|INFORM|Using prefix 'brid' for uri 'http://www.opengis.net/citygml/bridge/2.0'
2025-04-26 18:04:00|   0.4|  0.0|INFORM|Using prefix 'tran' for uri 'http://www.opengis.net/citygml/transportation/2.0'
2025-04-26 18:04:01|   0.5|  0.1|INFORM|Creating reader for format: XML (Extensible Markup Language)
2025-04-26 18:04:01|   0.5|  0.0|INFORM|Trying to find a DYNAMIC plugin for reader named `XML'
2025-04-26 18:04:01|   0.5|  0.0|INFORM|Loaded module 'XML' from file 'C:\Program Files\FME\plugins\XML.dll'
2025-04-26 18:04:01|   0.5|  0.0|INFORM|FME API version of module 'XML' matches current internal version (4.0 20240722)
2025-04-26 18:04:01|   0.5|  0.0|INFORM|Opening the XML reader with source dataset 'C:\Users\Lumos\AppData\Local\Temp\wbrun_1745654335241_7068\fmetmp_8\FME_1745658241032_45376.xfmap'
2025-04-26 18:04:01|   0.5|  0.0|INFORM|FME Configuration: Using FME Reprojection Engine
2025-04-26 18:04:01|   0.5|  0.0|INFORM|The XML Reader is using xfMap 'C:\Program Files\FME\xml\CityGML\CityGML_meta_schema_xfmap.xml'
2025-04-26 18:04:01|   0.5|  0.0|INFORM|The uri-map document 'C:\Program Files\FME\xml\urimap\gml_aixm.xml' is being used to map from URI to URI
2025-04-26 18:04:01|   0.5|  0.0|INFORM|The uri-map document 'C:\Program Files\FME\xml\urimap\gml_citygml.xml' is being used to map from URI to URI
2025-04-26 18:04:01|   0.5|  0.0|INFORM|The uri-map document 'C:\Program Files\FME\xml\urimap\gml_inspire.xml' is being used to map from URI to URI
2025-04-26 18:04:01|   0.5|  0.0|INFORM|The uri-map document 'C:\Program Files\FME\xml\urimap\gml_sosi.xml' is being used to map from URI to URI
2025-04-26 18:04:01|   0.5|  0.0|INFORM|The uri-map document 'C:\Program Files\FME\xml\urimap\gml_urimap.xml' is being used to map from URI to URI
2025-04-26 18:04:01|   0.5|  0.0|INFORM|Parsing XML document 'C:\Users\Lumos\AppData\Local\Temp\wbrun_1745654335241_7068\fmetmp_8\FME_1745658241032_45376.xfmap'
2025-04-26 18:04:01|   0.6|  0.1|INFORM|FME Configuration: Destination coordinate system set to input coordinate system `IFC_COORDSYS_0'
2025-04-26 18:04:01|   0.7|  0.1|STATS |CityGMLGeometrySetter INPUT Input Collector (TeeFactory): Cloned 2 input feature(s) into 2 output feature(s)
2025-04-26 18:04:01|   0.7|  0.0|STATS |CityGMLGeometrySetter_INPUT1745658240 Input Splitter (TeeFactory): Cloned 2 input feature(s) into 2 output feature(s)
2025-04-26 18:04:01|   0.7|  0.0|STATS |CityGMLGeometrySetter_GeometryPropertySetter_Tester (TestFactory): Tested 2 input feature(s) -- 2 feature(s) passed and 0 feature(s) failed
2025-04-26 18:04:01|   0.7|  0.0|STATS |CityGMLGeometrySetter_GeometryPropertySetter_Outputter (TeeFactory): Cloned 2 input feature(s) into 2 output feature(s)
2025-04-26 18:04:01|   0.7|  0.0|STATS |CityGMLGeometrySetter_OUTPUT1745658240 Output Collector (TeeFactory): Cloned 2 input feature(s) into 2 output feature(s)
2025-04-26 18:04:01|   0.7|  0.0|STATS |CityGMLGeometrySetter OUTPUT Output Renamer/Nuker (TeeFactory): Cloned 2 input feature(s) into 2 output feature(s)
2025-04-26 18:04:01|   0.8|  0.1|STATS |Destination Feature Type Routing Correlator (RoutingFactory): Tested 92 input feature(s), wrote 92 output feature(s): 0 matched merge filters, 92 were routed to output, 0 could not be routed.
2025-04-26 18:04:01|   0.8|  0.0|STATS |Final Output Nuker (TeeFactory): Cloned 0 input feature(s) into 0 output feature(s)
2025-04-26 18:04:01|   0.8|  0.0|WARN  |CityGML Writer: Orphaned feature found, feature type: 'LandUse', id: 'UUID_0KMpiAlnb52RgQuM1CwVfd', parent-id: 'UUID_0lY6P5Ur90TAQnnnI6wtnb'
2025-04-26 18:04:01|   0.8|  0.0|WARN  |CityGML Writer: '1' orphaned features found
2025-04-26 18:04:01|   1.0|  0.2|INFORM|=-=-=-=-=-=-=-=-=-=-=-=-=-=-=-=-=-=-=-=-=-=-=-=-=-=-=-=-=-=-=-=-=-=-=-=-=-=-=-
2025-04-26 18:04:01|   1.0|  0.0|INFORM|Feature output statistics for `CITYGML' writer using keyword `CITYGML_2':
2025-04-26 18:04:01|   1.0|  0.0|STATS |=-=-=-=-=-=-=-=-=-=-=-=-=-=-=-=-=-=-=-=-=-=-=-=-=-=-=-=-=-=-=-=-=-=-=-=-=-=-=-
2025-04-26 18:04:01|   1.0|  0.0|STATS |                               Features Written
2025-04-26 18:04:01|   1.0|  0.0|STATS |=-=-=-=-=-=-=-=-=-=-=-=-=-=-=-=-=-=-=-=-=-=-=-=-=-=-=-=-=-=-=-=-=-=-=-=-=-=-=-
2025-04-26 18:04:01|   1.0|  0.0|STATS |Building                                                                     1
2025-04-26 18:04:01|   1.0|  0.0|STATS |BuildingInstallation                                                         6
2025-04-26 18:04:01|   1.0|  0.0|STATS |BuildingPart                                                                 2
2025-04-26 18:04:01|   1.0|  0.0|STATS |Door                                                                         5
2025-04-26 18:04:01|   1.0|  0.0|STATS |FloorSurface                                                                 1
2025-04-26 18:04:01|   1.0|  0.0|STATS |IntBuildingInstallation                                                     42
2025-04-26 18:04:01|   1.0|  0.0|STATS |LandUse                                                                      1
2025-04-26 18:04:01|   1.0|  0.0|STATS |OuterFloorSurface                                                            1
2025-04-26 18:04:01|   1.0|  0.0|STATS |RoofSurface                                                                  2
2025-04-26 18:04:01|   1.0|  0.0|STATS |Room                                                                         7
2025-04-26 18:04:01|   1.0|  0.0|STATS |WallSurface                                                                 13
2025-04-26 18:04:01|   1.0|  0.0|STATS |Window                                                                      11
2025-04-26 18:04:01|   1.0|  0.0|STATS |==============================================================================
2025-04-26 18:04:01|   1.0|  0.0|STATS |Total Features Written                                                      92
2025-04-26 18:04:01|   1.0|  0.0|STATS |=-=-=-=-=-=-=-=-=-=-=-=-=-=-=-=-=-=-=-=-=-=-=-=-=-=-=-=-=-=-=-=-=-=-=-=-=-=-=-
2025-04-26 18:04:01|   1.0|  0.0|STATS |=-=-=-=-=-=-=-=-=-=-=-=-=-=-=-=-=-=-=-=-=-=-=-=-=-=-=-=-=-=-=-=-=-=-=-=-=-=-=-
2025-04-26 18:04:01|   1.0|  0.0|STATS |                            Features Read Summary
2025-04-26 18:04:01|   1.0|  0.0|STATS |=-=-=-=-=-=-=-=-=-=-=-=-=-=-=-=-=-=-=-=-=-=-=-=-=-=-=-=-=-=-=-=-=-=-=-=-=-=-=-
2025-04-26 18:04:01|   1.0|  0.0|STATS |==============================================================================
2025-04-26 18:04:01|   1.0|  0.0|STATS |Total Features Read                                                          0
2025-04-26 18:04:01|   1.0|  0.0|STATS |=-=-=-=-=-=-=-=-=-=-=-=-=-=-=-=-=-=-=-=-=-=-=-=-=-=-=-=-=-=-=-=-=-=-=-=-=-=-=-
2025-04-26 18:04:01|   1.0|  0.0|STATS |=-=-=-=-=-=-=-=-=-=-=-=-=-=-=-=-=-=-=-=-=-=-=-=-=-=-=-=-=-=-=-=-=-=-=-=-=-=-=-
2025-04-26 18:04:01|   1.0|  0.0|STATS |                           Features Written Summary
2025-04-26 18:04:01|   1.0|  0.0|STATS |=-=-=-=-=-=-=-=-=-=-=-=-=-=-=-=-=-=-=-=-=-=-=-=-=-=-=-=-=-=-=-=-=-=-=-=-=-=-=-
2025-04-26 18:04:01|   1.0|  0.0|STATS |Building                                                                     1
2025-04-26 18:04:01|   1.0|  0.0|STATS |BuildingInstallation                                                         6
2025-04-26 18:04:01|   1.0|  0.0|STATS |BuildingPart                                                                 2
2025-04-26 18:04:01|   1.0|  0.0|STATS |Door                                                                         5
2025-04-26 18:04:01|   1.0|  0.0|STATS |FloorSurface                                                                 1
2025-04-26 18:04:01|   1.0|  0.0|STATS |IntBuildingInstallation                                                     42
2025-04-26 18:04:01|   1.0|  0.0|STATS |LandUse                                                                      1
2025-04-26 18:04:01|   1.0|  0.0|STATS |OuterFloorSurface                                                            1
2025-04-26 18:04:01|   1.0|  0.0|STATS |RoofSurface                                                                  2
2025-04-26 18:04:01|   1.0|  0.0|STATS |Room                                                                         7
2025-04-26 18:04:01|   1.0|  0.0|STATS |WallSurface                                                                 13
2025-04-26 18:04:01|   1.0|  0.0|STATS |Window                                                                      11
2025-04-26 18:04:01|   1.0|  0.0|STATS |==============================================================================
2025-04-26 18:04:01|   1.0|  0.0|STATS |Total Features Written                                                      92
2025-04-26 18:04:01|   1.0|  0.0|STATS |=-=-=-=-=-=-=-=-=-=-=-=-=-=-=-=-=-=-=-=-=-=-=-=-=-=-=-=-=-=-=-=-=-=-=-=-=-=-=-
2025-04-26 18:04:01|   1.0|  0.0|WARN  |-~-~-~-~-~-~-~-~-~-~-~-~-~-~-~-~-~-~-~-~-~-~-~-~-~-~-~-~-~-~-~-~-~-~-~-~-~-~-~-~-
2025-04-26 18:04:01|   1.0|  0.0|WARN  |-~                                                                             ~-
2025-04-26 18:04:01|   1.0|  0.0|WARN  |-~    Feature caches have been recorded at every stage of the translation.     ~-
2025-04-26 18:04:01|   1.0|  0.0|WARN  |-~                      To inspect the recorded features,                      ~-
2025-04-26 18:04:01|   1.0|  0.0|WARN  |-~              click the feature cache icons next to the ports.               ~-
2025-04-26 18:04:01|   1.0|  0.0|WARN  |-~                                                                             ~-
2025-04-26 18:04:01|   1.0|  0.0|WARN  |-~-~-~-~-~-~-~-~-~-~-~-~-~-~-~-~-~-~-~-~-~-~-~-~-~-~-~-~-~-~-~-~-~-~-~-~-~-~-~-~-
2025-04-26 18:04:01|   1.0|  0.0|INFORM|Translation was SUCCESSFUL with 9 warning(s) (92 feature(s) output)
2025-04-26 18:04:01|   1.0|  0.0|INFORM|FME Session Duration: 1.1 seconds. (CPU: 0.7s user, 0.3s system)
2025-04-26 18:04:01|   1.0|  0.0|INFORM|END - ProcessID: 45376, peak process memory usage: 103640 kB, current process memory usage: 82532 kB
